warning: unused variable: `streaming`
  --> ast/src/builder/core.rs:52:68
   |
52 | ...ing<G: Graph>(&self, streaming: bool) -> Result<G> {
   |                         ^^^^^^^^^ help: if this is intentional, prefix it with an underscore: `_streaming`
   |
   = note: `#[warn(unused_variables)]` (part of `#[warn(unused)]`) on by default

warning: `ast` (lib) generated 1 warning (run `cargo fix --lib -p ast` to apply 1 suggestion)
warning: `ast` (lib test) generated 1 warning (1 duplicate)
    Finished `test` profile [unoptimized + debuginfo] target(s) in 0.69s
     Running unittests src/lib.rs (/Users/fayekelmith/Kelmith/Projects/stakgraph/target/debug/deps/ast-c841fbb2f3003c04)

running 1 test
Node: repository-go-srctestinggo-0
Node: language-go-srctestinggo-0
Node: directory-tests-srctestinggotests-0
Node: file-gitignore-srctestinggogitignore-0
Node: file-concurrencygo-srctestinggoconcurrencygo-0
Node: file-dbgo-srctestinggodbgo-0
Node: file-genericsgo-srctestinggogenericsgo-0
Node: file-gomod-srctestinggogomod-0
Node: file-gosum-srctestinggogosum-0
Node: file-interfacesgo-srctestinggointerfacesgo-0
Node: file-maingo-srctestinggomaingo-0
Node: file-routesgo-srctestinggoroutesgo-0
Node: file-e2etestgo-srctestinggotestse2etestgo-0
Node: file-integrationtestgo-srctestinggotestsintegrationtestgo-0
Node: file-unittestgo-srctestinggotestsunittestgo-0
Node: library-gormiodriverpostgres-srctestinggogomod-4
Node: library-gormiogorm-srctestinggogomod-4
Node: library-githubcomgochichi-srctestinggogomod-9
Node: library-githubcomrscors-srctestinggogomod-9
Node: import-importimportssrctestinggoconcurrencygo2-srctestinggoconcurrencygo-2
Node: import-importimportssrctestinggodbgo2-srctestinggodbgo-2
Node: import-importimportssrctestinggointerfacesgo2-srctestinggointerfacesgo-2
Node: import-importimportssrctestinggomaingo2-srctestinggomaingo-2
Node: import-importimportssrctestinggoroutesgo2-srctestinggoroutesgo-2
Node: import-importimportssrctestinggotestse2etestgo2-srctestinggotestse2etestgo-2
Node: import-importimportssrctestinggotestsintegrationtestgo2-srctestinggotestsintegrationtestgo-2
Node: import-importimportssrctestinggotestsunittestgo2-srctestinggotestsunittestgo-2
Node: var-db-srctestinggodbgo-16
Node: class-database-srctestinggodbgo-11
Node: class-person-srctestinggodbgo-18
Node: class-bountyhandler-srctestinggodbgo-29
Node: class-bountydb-srctestinggodbgo-33
Node: class-stack-srctestinggogenericsgo-3
Node: class-rectangle-srctestinggointerfacesgo-11
Node: class-circle-srctestinggointerfacesgo-26
Node: class-coloredshape-srctestinggointerfacesgo-41
Node: instance-db-srctestinggodbgo-16
Node: trait-shape-srctestinggointerfacesgo-5
Node: datamodel-job-srctestinggoconcurrencygo-8
Node: datamodel-result-srctestinggoconcurrencygo-14
Node: datamodel-database-srctestinggodbgo-11
Node: datamodel-person-srctestinggodbgo-18
Node: datamodel-leaderboardentry-srctestinggodbgo-24
Node: datamodel-bountyhandler-srctestinggodbgo-29
Node: datamodel-bountydb-srctestinggodbgo-33
Node: datamodel-stack-srctestinggogenericsgo-3
Node: datamodel-shape-srctestinggointerfacesgo-5
Node: datamodel-rectangle-srctestinggointerfacesgo-11
Node: datamodel-circle-srctestinggointerfacesgo-26
Node: datamodel-coloredshape-srctestinggointerfacesgo-41
Node: function-worker-srctestinggoconcurrencygo-20
Node: function-startworkerpool-srctestinggoconcurrencygo-30
Node: function-getbountiesleaderboard-srctestinggodbgo-35
Node: function-getpeopleleaderboard-srctestinggodbgo-42
Node: function-getbountiesleaderboard-srctestinggodbgo-49
Node: function-getleaderboard-srctestinggodbgo-55
Node: function-tablename-srctestinggodbgo-62
Node: function-newperson-srctestinggodbgo-66
Node: function-createoreditperson-srctestinggodbgo-71
Node: function-updatepersonname-srctestinggodbgo-78
Node: function-getpersonbyid-srctestinggodbgo-87
Node: function-initdb-srctestinggodbgo-95
Node: function-push-srctestinggogenericsgo-8
Node: function-pop-srctestinggogenericsgo-13
Node: function-map-srctestinggogenericsgo-24
Node: function-area-srctestinggointerfacesgo-16
Node: function-perimeter-srctestinggointerfacesgo-21
Node: function-area-srctestinggointerfacesgo-31
Node: function-perimeter-srctestinggointerfacesgo-36
Node: function-describe-srctestinggointerfacesgo-47
Node: function-main-srctestinggomaingo-11
Node: function-newrouter-srctestinggoroutesgo-17
Node: function-getperson-srctestinggoroutesgo-45
Node: function-createperson-srctestinggoroutesgo-58
Node: function-initchi-srctestinggoroutesgo-81
Node: e2etest-testuserloginflowe2e-srctestinggotestse2etestgo-10
Node: e2etest-testwithplaywright-srctestinggotestse2etestgo-25
Node: integrationtest-testhealthcheckhandlerintegration-srctestinggotestsintegrationtestgo-8
Node: function-add-srctestinggotestsunittestgo-7
Node: unittest-testadd-srctestinggotestsunittestgo-11
Node: unittest-benchmarkadd-srctestinggotestsunittestgo-31
Node: endpoint-personid-srctestinggoroutesgo-21-get
Node: endpoint-person-srctestinggoroutesgo-22-post
Node: endpoint-leaderboard-srctestinggoroutesgo-23-get
Edge: repository-go-srctestinggo-0 - Of -> language-go-srctestinggo-0
Edge: repository-go-srctestinggo-0 - Contains -> directory-tests-srctestinggotests-0
Edge: repository-go-srctestinggo-0 - Contains -> file-gitignore-srctestinggogitignore-0
Edge: repository-go-srctestinggo-0 - Contains -> file-concurrencygo-srctestinggoconcurrencygo-0
Edge: repository-go-srctestinggo-0 - Contains -> file-dbgo-srctestinggodbgo-0
Edge: repository-go-srctestinggo-0 - Contains -> file-genericsgo-srctestinggogenericsgo-0
Edge: repository-go-srctestinggo-0 - Contains -> file-gomod-srctestinggogomod-0
Edge: repository-go-srctestinggo-0 - Contains -> file-gosum-srctestinggogosum-0
Edge: repository-go-srctestinggo-0 - Contains -> file-interfacesgo-srctestinggointerfacesgo-0
Edge: repository-go-srctestinggo-0 - Contains -> file-maingo-srctestinggomaingo-0
Edge: repository-go-srctestinggo-0 - Contains -> file-routesgo-srctestinggoroutesgo-0
Edge: directory-tests-srctestinggotests-0 - Contains -> file-e2etestgo-srctestinggotestse2etestgo-0
Edge: directory-tests-srctestinggotests-0 - Contains -> file-integrationtestgo-srctestinggotestsintegrationtestgo-0
Edge: directory-tests-srctestinggotests-0 - Contains -> file-unittestgo-srctestinggotestsunittestgo-0
Edge: file-gomod-srctestinggogomod-0 - Contains -> library-gormiodriverpostgres-srctestinggogomod-4
Edge: file-gomod-srctestinggogomod-0 - Contains -> library-gormiogorm-srctestinggogomod-4
Edge: file-gomod-srctestinggogomod-0 - Contains -> library-githubcomgochichi-srctestinggogomod-9
Edge: file-gomod-srctestinggogomod-0 - Contains -> library-githubcomrscors-srctestinggogomod-9
Edge: file-concurrencygo-srctestinggoconcurrencygo-0 - Contains -> import-importimportssrctestinggoconcurrencygo2-srctestinggoconcurrencygo-2
Edge: file-dbgo-srctestinggodbgo-0 - Contains -> import-importimportssrctestinggodbgo2-srctestinggodbgo-2
Edge: file-interfacesgo-srctestinggointerfacesgo-0 - Contains -> import-importimportssrctestinggointerfacesgo2-srctestinggointerfacesgo-2
Edge: file-maingo-srctestinggomaingo-0 - Contains -> import-importimportssrctestinggomaingo2-srctestinggomaingo-2
Edge: file-routesgo-srctestinggoroutesgo-0 - Contains -> import-importimportssrctestinggoroutesgo2-srctestinggoroutesgo-2
Edge: file-e2etestgo-srctestinggotestse2etestgo-0 - Contains -> import-importimportssrctestinggotestse2etestgo2-srctestinggotestse2etestgo-2
Edge: file-integrationtestgo-srctestinggotestsintegrationtestgo-0 - Contains -> import-importimportssrctestinggotestsintegrationtestgo2-srctestinggotestsintegrationtestgo-2
Edge: file-unittestgo-srctestinggotestsunittestgo-0 - Contains -> import-importimportssrctestinggotestsunittestgo2-srctestinggotestsunittestgo-2
Edge: file-dbgo-srctestinggodbgo-0 - Contains -> var-db-srctestinggodbgo-16
Edge: file-dbgo-srctestinggodbgo-0 - Contains -> class-database-srctestinggodbgo-11
Edge: file-dbgo-srctestinggodbgo-0 - Contains -> class-person-srctestinggodbgo-18
Edge: file-dbgo-srctestinggodbgo-0 - Contains -> class-bountyhandler-srctestinggodbgo-29
Edge: file-dbgo-srctestinggodbgo-0 - Contains -> class-bountydb-srctestinggodbgo-33
Edge: file-genericsgo-srctestinggogenericsgo-0 - Contains -> class-stack-srctestinggogenericsgo-3
Edge: file-interfacesgo-srctestinggointerfacesgo-0 - Contains -> class-rectangle-srctestinggointerfacesgo-11
Edge: file-interfacesgo-srctestinggointerfacesgo-0 - Contains -> class-circle-srctestinggointerfacesgo-26
Edge: file-interfacesgo-srctestinggointerfacesgo-0 - Contains -> class-coloredshape-srctestinggointerfacesgo-41
Edge: file-dbgo-srctestinggodbgo-0 - Contains -> instance-db-srctestinggodbgo-16
Edge: instance-db-srctestinggodbgo-16 - Of -> class-database-srctestinggodbgo-11
Edge: file-interfacesgo-srctestinggointerfacesgo-0 - Contains -> trait-shape-srctestinggointerfacesgo-5
Edge: file-concurrencygo-srctestinggoconcurrencygo-0 - Contains -> datamodel-job-srctestinggoconcurrencygo-8
Edge: file-concurrencygo-srctestinggoconcurrencygo-0 - Contains -> datamodel-result-srctestinggoconcurrencygo-14
Edge: file-dbgo-srctestinggodbgo-0 - Contains -> datamodel-database-srctestinggodbgo-11
Edge: file-dbgo-srctestinggodbgo-0 - Contains -> datamodel-person-srctestinggodbgo-18
Edge: file-dbgo-srctestinggodbgo-0 - Contains -> datamodel-leaderboardentry-srctestinggodbgo-24
Edge: file-dbgo-srctestinggodbgo-0 - Contains -> datamodel-bountyhandler-srctestinggodbgo-29
Edge: file-dbgo-srctestinggodbgo-0 - Contains -> datamodel-bountydb-srctestinggodbgo-33
Edge: file-genericsgo-srctestinggogenericsgo-0 - Contains -> datamodel-stack-srctestinggogenericsgo-3
Edge: file-interfacesgo-srctestinggointerfacesgo-0 - Contains -> datamodel-shape-srctestinggointerfacesgo-5
Edge: file-interfacesgo-srctestinggointerfacesgo-0 - Contains -> datamodel-rectangle-srctestinggointerfacesgo-11
Edge: file-interfacesgo-srctestinggointerfacesgo-0 - Contains -> datamodel-circle-srctestinggointerfacesgo-26
Edge: file-interfacesgo-srctestinggointerfacesgo-0 - Contains -> datamodel-coloredshape-srctestinggointerfacesgo-41
Edge: file-concurrencygo-srctestinggoconcurrencygo-0 - Contains -> function-worker-srctestinggoconcurrencygo-20
Edge: function-worker-srctestinggoconcurrencygo-20 - Contains -> datamodel-job-srctestinggoconcurrencygo-8
Edge: function-worker-srctestinggoconcurrencygo-20 - Contains -> datamodel-result-srctestinggoconcurrencygo-14
Edge: file-concurrencygo-srctestinggoconcurrencygo-0 - Contains -> function-startworkerpool-srctestinggoconcurrencygo-30
Edge: function-startworkerpool-srctestinggoconcurrencygo-30 - Contains -> datamodel-job-srctestinggoconcurrencygo-8
Edge: function-startworkerpool-srctestinggoconcurrencygo-30 - Contains -> datamodel-result-srctestinggoconcurrencygo-14
Edge: file-dbgo-srctestinggodbgo-0 - Contains -> function-getbountiesleaderboard-srctestinggodbgo-35
Edge: class-bountydb-srctestinggodbgo-33 - Operand -> function-getbountiesleaderboard-srctestinggodbgo-35
Edge: function-getbountiesleaderboard-srctestinggodbgo-35 - Contains -> datamodel-leaderboardentry-srctestinggodbgo-24
Edge: file-dbgo-srctestinggodbgo-0 - Contains -> function-getpeopleleaderboard-srctestinggodbgo-42
Edge: class-database-srctestinggodbgo-11 - Operand -> function-getpeopleleaderboard-srctestinggodbgo-42
Edge: function-getpeopleleaderboard-srctestinggodbgo-42 - Contains -> datamodel-leaderboardentry-srctestinggodbgo-24
Edge: file-dbgo-srctestinggodbgo-0 - Contains -> function-getbountiesleaderboard-srctestinggodbgo-49
Edge: class-bountyhandler-srctestinggodbgo-29 - Operand -> function-getbountiesleaderboard-srctestinggodbgo-49
Edge: file-dbgo-srctestinggodbgo-0 - Contains -> function-getleaderboard-srctestinggodbgo-55
Edge: function-getleaderboard-srctestinggodbgo-55 - Contains -> var-db-srctestinggodbgo-16
Edge: file-dbgo-srctestinggodbgo-0 - Contains -> function-tablename-srctestinggodbgo-62
Edge: class-person-srctestinggodbgo-18 - Operand -> function-tablename-srctestinggodbgo-62
Edge: function-tablename-srctestinggodbgo-62 - Contains -> datamodel-person-srctestinggodbgo-18
Edge: file-dbgo-srctestinggodbgo-0 - Contains -> function-newperson-srctestinggodbgo-66
Edge: class-database-srctestinggodbgo-11 - Operand -> function-newperson-srctestinggodbgo-66
Edge: function-newperson-srctestinggodbgo-66 - Contains -> datamodel-person-srctestinggodbgo-18
Edge: file-dbgo-srctestinggodbgo-0 - Contains -> function-createoreditperson-srctestinggodbgo-71
Edge: class-database-srctestinggodbgo-11 - Operand -> function-createoreditperson-srctestinggodbgo-71
Edge: function-createoreditperson-srctestinggodbgo-71 - Contains -> datamodel-person-srctestinggodbgo-18
Edge: file-dbgo-srctestinggodbgo-0 - Contains -> function-updatepersonname-srctestinggodbgo-78
Edge: class-database-srctestinggodbgo-11 - Operand -> function-updatepersonname-srctestinggodbgo-78
Edge: function-updatepersonname-srctestinggodbgo-78 - Contains -> datamodel-person-srctestinggodbgo-18
Edge: file-dbgo-srctestinggodbgo-0 - Contains -> function-getpersonbyid-srctestinggodbgo-87
Edge: class-database-srctestinggodbgo-11 - Operand -> function-getpersonbyid-srctestinggodbgo-87
Edge: function-getpersonbyid-srctestinggodbgo-87 - Contains -> datamodel-person-srctestinggodbgo-18
Edge: file-dbgo-srctestinggodbgo-0 - Contains -> function-initdb-srctestinggodbgo-95
Edge: function-initdb-srctestinggodbgo-95 - Contains -> datamodel-person-srctestinggodbgo-18
Edge: function-initdb-srctestinggodbgo-95 - Contains -> var-db-srctestinggodbgo-16
Edge: file-genericsgo-srctestinggogenericsgo-0 - Contains -> function-push-srctestinggogenericsgo-8
Edge: class-stack-srctestinggogenericsgo-3 - Operand -> function-push-srctestinggogenericsgo-8
Edge: function-push-srctestinggogenericsgo-8 - Contains -> datamodel-stack-srctestinggogenericsgo-3
Edge: file-genericsgo-srctestinggogenericsgo-0 - Contains -> function-pop-srctestinggogenericsgo-13
Edge: class-stack-srctestinggogenericsgo-3 - Operand -> function-pop-srctestinggogenericsgo-13
Edge: function-pop-srctestinggogenericsgo-13 - Contains -> datamodel-stack-srctestinggogenericsgo-3
Edge: file-genericsgo-srctestinggogenericsgo-0 - Contains -> function-map-srctestinggogenericsgo-24
Edge: file-interfacesgo-srctestinggointerfacesgo-0 - Contains -> function-area-srctestinggointerfacesgo-16
Edge: class-rectangle-srctestinggointerfacesgo-11 - Operand -> function-area-srctestinggointerfacesgo-16
Edge: function-area-srctestinggointerfacesgo-16 - Contains -> datamodel-rectangle-srctestinggointerfacesgo-11
Edge: file-interfacesgo-srctestinggointerfacesgo-0 - Contains -> function-perimeter-srctestinggointerfacesgo-21
Edge: class-rectangle-srctestinggointerfacesgo-11 - Operand -> function-perimeter-srctestinggointerfacesgo-21
Edge: function-perimeter-srctestinggointerfacesgo-21 - Contains -> datamodel-rectangle-srctestinggointerfacesgo-11
Edge: file-interfacesgo-srctestinggointerfacesgo-0 - Contains -> function-area-srctestinggointerfacesgo-31
Edge: class-circle-srctestinggointerfacesgo-26 - Operand -> function-area-srctestinggointerfacesgo-31
Edge: function-area-srctestinggointerfacesgo-31 - Contains -> datamodel-circle-srctestinggointerfacesgo-26
Edge: file-interfacesgo-srctestinggointerfacesgo-0 - Contains -> function-perimeter-srctestinggointerfacesgo-36
Edge: class-circle-srctestinggointerfacesgo-26 - Operand -> function-perimeter-srctestinggointerfacesgo-36
Edge: function-perimeter-srctestinggointerfacesgo-36 - Contains -> datamodel-circle-srctestinggointerfacesgo-26
Edge: file-interfacesgo-srctestinggointerfacesgo-0 - Contains -> function-describe-srctestinggointerfacesgo-47
Edge: class-coloredshape-srctestinggointerfacesgo-41 - Operand -> function-describe-srctestinggointerfacesgo-47
Edge: function-describe-srctestinggointerfacesgo-47 - Contains -> datamodel-coloredshape-srctestinggointerfacesgo-41
Edge: file-maingo-srctestinggomaingo-0 - Contains -> function-main-srctestinggomaingo-11
Edge: file-routesgo-srctestinggoroutesgo-0 - Contains -> function-newrouter-srctestinggoroutesgo-17
Edge: file-routesgo-srctestinggoroutesgo-0 - Contains -> function-getperson-srctestinggoroutesgo-45
Edge: function-getperson-srctestinggoroutesgo-45 - Contains -> var-db-srctestinggodbgo-16
Edge: file-routesgo-srctestinggoroutesgo-0 - Contains -> function-createperson-srctestinggoroutesgo-58
Edge: function-createperson-srctestinggoroutesgo-58 - Contains -> datamodel-person-srctestinggodbgo-18
Edge: function-createperson-srctestinggoroutesgo-58 - Contains -> var-db-srctestinggodbgo-16
Edge: file-routesgo-srctestinggoroutesgo-0 - Contains -> function-initchi-srctestinggoroutesgo-81
Edge: file-e2etestgo-srctestinggotestse2etestgo-0 - Contains -> e2etest-testuserloginflowe2e-srctestinggotestse2etestgo-10
Edge: file-e2etestgo-srctestinggotestse2etestgo-0 - Contains -> e2etest-testwithplaywright-srctestinggotestse2etestgo-25
Edge: file-integrationtestgo-srctestinggotestsintegrationtestgo-0 - Contains -> integrationtest-testhealthcheckhandlerintegration-srctestinggotestsintegrationtestgo-8
Edge: file-unittestgo-srctestinggotestsunittestgo-0 - Contains -> function-add-srctestinggotestsunittestgo-7
Edge: file-unittestgo-srctestinggotestsunittestgo-0 - Contains -> unittest-testadd-srctestinggotestsunittestgo-11
Edge: file-unittestgo-srctestinggotestsunittestgo-0 - Contains -> unittest-benchmarkadd-srctestinggotestsunittestgo-31
Edge: endpoint-personid-srctestinggoroutesgo-21-get - Handler -> function-getperson-srctestinggoroutesgo-45
Edge: endpoint-person-srctestinggoroutesgo-22-post - Handler -> function-createperson-srctestinggoroutesgo-58
Edge: endpoint-leaderboard-srctestinggoroutesgo-23-get - Handler -> function-getleaderboard-srctestinggodbgo-55
Edge: function-startworkerpool-srctestinggoconcurrencygo-30 - Calls -> function-add-srctestinggotestsunittestgo-7
Edge: function-startworkerpool-srctestinggoconcurrencygo-30 - Calls -> function-worker-srctestinggoconcurrencygo-20
Edge: function-getbountiesleaderboard-srctestinggodbgo-49 - Calls -> function-getbountiesleaderboard-srctestinggodbgo-35
Edge: function-getleaderboard-srctestinggodbgo-55 - Calls -> function-getpeopleleaderboard-srctestinggodbgo-42
Edge: function-main-srctestinggomaingo-11 - Calls -> function-initdb-srctestinggodbgo-95
Edge: function-main-srctestinggomaingo-11 - Calls -> function-newrouter-srctestinggoroutesgo-17
Edge: function-newrouter-srctestinggoroutesgo-17 - Calls -> function-initchi-srctestinggoroutesgo-81
Edge: function-getperson-srctestinggoroutesgo-45 - Calls -> function-getpersonbyid-srctestinggodbgo-87
Edge: function-createperson-srctestinggoroutesgo-58 - Calls -> function-newperson-srctestinggodbgo-66
Edge: function-initchi-srctestinggoroutesgo-81 - Calls -> function-newrouter-srctestinggoroutesgo-17
Edge: unittest-testadd-srctestinggotestsunittestgo-11 - Calls -> function-add-srctestinggotestsunittestgo-7
Edge: unittest-benchmarkadd-srctestinggotestsunittestgo-31 - Calls -> function-add-srctestinggotestsunittestgo-7

thread 'testing::go::test_go' (8852477) panicked at ast/src/testing/go/mod.rs:139:5:
assertion `left == right` failed: Expected 0 data models (now merged with Class)
  left: 12
 right: 0
note: run with `RUST_BACKTRACE=1` environment variable to display a backtrace
test testing::go::test_go ... FAILED

failures:

failures:
    testing::go::test_go

test result: FAILED. 0 passed; 1 failed; 0 ignored; 0 measured; 37 filtered out; finished in 1.09s

error: test failed, to rerun pass `--lib`
